
  You can now view your Streamlit app in your browser.

  Local URL: http://localhost:8501
  Network URL: http://192.168.44.132:8501

Repository RAG-Based-GitHub-Code-Analyzer already exists at temp_repos/RAG-Based-GitHub-Code-Analyzer. Skipping clone.
Cloning https://github.com/dwdraju/TransitSwarm/tree/main to temp_repos/main...
[31m──[0m[31m────────────────────────[0m[31m [0m[1;31mTraceback [0m[1;2;31m(most recent call last)[0m[31m [0m[31m─────────────────────────[0m[31m──[0m
[31m [0m [2m/home/esraaabdelrazek/.local/lib/python3.9/site-packages/streamlit/runtime/scriptrun[0m [31m [0m
[31m [0m [2mner/[0m[1mexec_code.py[0m:128 in exec_func_with_error_handling                                [31m [0m
[31m [0m                                                                                      [31m [0m
[31m [0m [2m/home/esraaabdelrazek/.local/lib/python3.9/site-packages/streamlit/runtime/scriptrun[0m [31m [0m
[31m [0m [2mner/[0m[1mscript_runner.py[0m:669 in code_to_exec                                             [31m [0m
[31m [0m                                                                                      [31m [0m
[31m [0m [2m/home/esraaabdelrazek/Projects/try_1/[0m[1mapp.py[0m:130 in <module>                          [31m [0m
[31m [0m                                                                                      [31m [0m
[31m [0m   [2m127 [0m[2m│   │   [0m                                                                       [31m [0m
[31m [0m   [2m128 [0m[2m│   │   [0m[94mwith[0m st.status([33mf[0m[33m"[0m[33mScanning [0m[33m{[0mrepo_name[33m}[0m[33m...[0m[33m"[0m, expanded=[94mTrue[0m) [94mas[0m status:   [31m [0m
[31m [0m   [2m129 [0m[2m│   │   │   [0mst.write([33m"[0m[33m📥 Cloning repository...[0m[33m"[0m)                               [31m [0m
[31m [0m [31m❱ [0m130 [2m│   │   │   [0mrepo_path = loader.load(repo_url, [33m"[0m[33mtemp_repos[0m[33m"[0m)                    [31m [0m
[31m [0m   [2m131 [0m[2m│   │   │   [0mst.session_state.repo_path = repo_path                             [31m [0m
[31m [0m   [2m132 [0m[2m│   │   │   [0m                                                                   [31m [0m
[31m [0m   [2m133 [0m[2m│   │   │   [0mst.write([33m"[0m[33m🔍 Creating Knowledge Graph...[0m[33m"[0m)                         [31m [0m
[31m [0m                                                                                      [31m [0m
[31m [0m [2m/home/esraaabdelrazek/Projects/try_1/src/ingestion/[0m[1mloader.py[0m:16 in load              [31m [0m
[31m [0m                                                                                      [31m [0m
[31m [0m   [2m13 [0m[2m│   │   │   [0m[94mreturn[0m repo_full_path                                               [31m [0m
[31m [0m   [2m14 [0m[2m│   │   [0m                                                                        [31m [0m
[31m [0m   [2m15 [0m[2m│   │   [0m[96mprint[0m([33mf[0m[33m"[0m[33mCloning [0m[33m{[0mrepo_url[33m}[0m[33m to [0m[33m{[0mrepo_full_path[33m}[0m[33m...[0m[33m"[0m)                     [31m [0m
[31m [0m [31m❱ [0m16 [2m│   │   [0mRepo.clone_from(repo_url, repo_full_path)                               [31m [0m
[31m [0m   [2m17 [0m[2m│   │   [0m[94mreturn[0m repo_full_path                                                   [31m [0m
[31m [0m   [2m18 [0m[2m│   [0m                                                                            [31m [0m
[31m [0m   [2m19 [0m[2m│   [0m[94mdef[0m[90m [0m[92mget_branches[0m([96mself[0m, repo_path: [96mstr[0m):                                     [31m [0m
[31m [0m                                                                                      [31m [0m
[31m [0m [2m/home/esraaabdelrazek/.local/lib/python3.9/site-packages/git/repo/[0m[1mbase.py[0m:1538 in    [31m [0m
[31m [0m clone_from                                                                           [31m [0m
[31m [0m                                                                                      [31m [0m
[31m [0m   [2m1535 [0m[2m│   │   [0mgit = [96mcls[0m.GitCommandWrapperType(os.getcwd())                          [31m [0m
[31m [0m   [2m1536 [0m[2m│   │   [0m[94mif[0m env [95mis[0m [95mnot[0m [94mNone[0m:                                                   [31m [0m
[31m [0m   [2m1537 [0m[2m│   │   │   [0mgit.update_environment(**env)                                     [31m [0m
[31m [0m [31m❱ [0m1538 [2m│   │   [0m[94mreturn[0m [96mcls[0m._clone(                                                    [31m [0m
[31m [0m   [2m1539 [0m[2m│   │   │   [0mgit,                                                              [31m [0m
[31m [0m   [2m1540 [0m[2m│   │   │   [0murl,                                                              [31m [0m
[31m [0m   [2m1541 [0m[2m│   │   │   [0mto_path,                                                          [31m [0m
[31m [0m                                                                                      [31m [0m
[31m [0m [2m/home/esraaabdelrazek/.local/lib/python3.9/site-packages/git/repo/[0m[1mbase.py[0m:1409 in    [31m [0m
[31m [0m _clone                                                                               [31m [0m
[31m [0m                                                                                      [31m [0m
[31m [0m   [2m1406 [0m[2m│   │   │   [0mcmdline = remove_password_if_present(cmdline)                     [31m [0m
[31m [0m   [2m1407 [0m[2m│   │   │   [0m                                                                  [31m [0m
[31m [0m   [2m1408 [0m[2m│   │   │   [0m_logger.debug([33m"[0m[33mCmd([0m[33m%s[0m[33m)[0m[33m'[0m[33ms unused stdout: [0m[33m%s[0m[33m"[0m, cmdline, stdout)     [31m [0m
[31m [0m [31m❱ [0m1409 [2m│   │   │   [0mfinalize_process(proc, stderr=stderr)                             [31m [0m
[31m [0m   [2m1410 [0m[2m│   │   [0m                                                                      [31m [0m
[31m [0m   [2m1411 [0m[2m│   │   [0m[2m# Our git command could have a different working dir than our actual[0m  [31m [0m
[31m [0m   [2m1412 [0m[2m│   │   [0m[2m# environment, hence we prepend its working dir if required.[0m          [31m [0m
[31m [0m                                                                                      [31m [0m
[31m [0m [2m/home/esraaabdelrazek/.local/lib/python3.9/site-packages/git/[0m[1mutil.py[0m:512 in          [31m [0m
[31m [0m finalize_process                                                                     [31m [0m
[31m [0m                                                                                      [31m [0m
[31m [0m   [2m 509 [0m[2;90m│   [0m[33m"""Wait for the process (clone, fetch, pull or push) and handle its error[0m [31m [0m
[31m [0m   [2m 510 [0m[2;33m│   [0m[33maccordingly."""[0m                                                           [31m [0m
[31m [0m   [2m 511 [0m[2m│   [0m[2m# TODO: No close proc-streams??[0m                                           [31m [0m
[31m [0m [31m❱ [0m 512 [2m│   [0mproc.wait(**kwargs)                                                       [31m [0m
[31m [0m   [2m 513 [0m                                                                              [31m [0m
[31m [0m   [2m 514 [0m                                                                              [31m [0m
[31m [0m   [2m 515 [0m[1;95m@overload[0m                                                                     [31m [0m
[31m [0m                                                                                      [31m [0m
[31m [0m [2m/home/esraaabdelrazek/.local/lib/python3.9/site-packages/git/[0m[1mcmd.py[0m:419 in wait      [31m [0m
[31m [0m                                                                                      [31m [0m
[31m [0m   [2m 416 [0m[2m│   │   [0m[94mif[0m status != [94m0[0m:                                                       [31m [0m
[31m [0m   [2m 417 [0m[2m│   │   │   [0merrstr = read_all_from_possibly_closed_stream(p_stderr)           [31m [0m
[31m [0m   [2m 418 [0m[2m│   │   │   [0m_logger.debug([33m"[0m[33mAutoInterrupt wait stderr: [0m[33m%r[0m[33m"[0m % (errstr,))        [31m [0m
[31m [0m [31m❱ [0m 419 [2m│   │   │   [0m[94mraise[0m GitCommandError(remove_password_if_present([96mself[0m.args), stat [31m [0m
[31m [0m   [2m 420 [0m[2m│   │   [0m[94mreturn[0m status                                                         [31m [0m
[31m [0m   [2m 421 [0m                                                                              [31m [0m
[31m [0m   [2m 422 [0m                                                                              [31m [0m
[31m────────────────────────────────────────────────────────────────────────────────────────[0m
[1;91mGitCommandError: [0m[1;35mCmd[0m[1m([0m[32m'git'[0m[1m)[0m failed due to: exit [1;35mcode[0m[1m([0m[1;36m128[0m[1m)[0m
  cmdline: git clone -v -- [4;94mhttps://github.com/dwdraju/TransitSwarm/tree/main[0m 
temp_repos/main
  stderr: [32m'Cloning into '[0mtemp_repos/main'[33m...[0m
fatal: repository [32m'https://github.com/dwdraju/TransitSwarm/tree/main/'[0m not found
'
